2018-Feb-23 20:45:05.799314 INFO [daemon] Easycoin v1.1.1.1()
2018-Feb-23 20:45:05.799593 INFO [daemon] Module folder: ./Easycoind
2018-Feb-23 20:45:05.800589 INFO [daemon] Initializing p2p server...
2018-Feb-23 20:45:05.816430 INFO [node_server] Binding on 0.0.0.0:17236
2018-Feb-23 20:45:05.816708 INFO [node_server] Net service binded on 0.0.0.0:17236
2018-Feb-23 20:45:05.816819 INFO [node_server] Attempting to add IGD port mapping.
2018-Feb-23 20:45:06.016199 INFO [node_server] Added IGD port mapping.
2018-Feb-23 20:45:06.016669 INFO [daemon] P2p server initialized OK
2018-Feb-23 20:45:06.016928 INFO [daemon] Initializing core...
2018-Feb-23 20:45:06.040766 INFO [Blockchain] Loading blockchain...
2018-Feb-23 20:45:06.041753 INFO [BlockCacheSerializer] - loading block index...
2018-Feb-23 20:45:06.041972 INFO [BlockCacheSerializer] - loading transaction map...
2018-Feb-23 20:45:06.042148 INFO [BlockCacheSerializer] - loading spent keys...
2018-Feb-23 20:45:06.042333 INFO [BlockCacheSerializer] - loading outputs...
2018-Feb-23 20:45:06.042501 INFO [BlockCacheSerializer] - loading multi-signature outputs...
2018-Feb-23 20:45:06.042670 INFO [BlockCacheSerializer] Serialization time: 0ms
2018-Feb-23 20:45:06.042849 INFO [Blockchain] Loading blockchain indices for BlockchainExplorer...
2018-Feb-23 20:45:06.043481 INFO [BlockchainIndicesSerializer] - loading paymentID index...
2018-Feb-23 20:45:06.043712 INFO [BlockchainIndicesSerializer] - loading timestamp index...
2018-Feb-23 20:45:06.043876 INFO [BlockchainIndicesSerializer] - loading generated transactions index...
2018-Feb-23 20:45:06.044104 INFO [Blockchain] Blockchain initialized. last block: 0, d2060.h14.m45.s6 time ago, current difficulty: 1
2018-Feb-23 20:45:06.044288 INFO [daemon] Core initialized OK
2018-Feb-23 20:45:06.044567 INFO [daemon] Starting core rpc server on address 127.0.0.1:18236
2018-Feb-23 20:45:06.044830 INFO [daemon] Core rpc server started ok
2018-Feb-23 20:45:06.045015 INFO [daemon] Starting p2p net loop...
2018-Feb-23 20:45:06.045171 INFO [node_server] Starting node_server
2018-Feb-23 20:45:06.051647 INFO [protocol] 
2018-Feb-23 20:45:06.051647 INFO [protocol] **********************************************************************
2018-Feb-23 20:45:06.051647 INFO [protocol] You are now synchronized with the network. You may now start simplewallet.
2018-Feb-23 20:45:06.051647 INFO [protocol] 
2018-Feb-23 20:45:06.051647 INFO [protocol] Please note, that the blockchain will be saved only after you quit the daemon with "exit" command or if you use "save" command.
2018-Feb-23 20:45:06.051647 INFO [protocol] Otherwise, you will possibly need to synchronize the blockchain again.
2018-Feb-23 20:45:06.051647 INFO [protocol] 
2018-Feb-23 20:45:06.051647 INFO [protocol] Use "help" command to see the list of available commands.
2018-Feb-23 20:45:06.051647 INFO [protocol] **********************************************************************
2018-Feb-23 20:45:06.054339 INFO [core] 
2018-Feb-23 20:45:06.054339 INFO [core] **********************************************************************
2018-Feb-23 20:45:06.054339 INFO [core] The daemon will start synchronizing with the network. It may take up to several hours.
2018-Feb-23 20:45:06.054339 INFO [core] 
2018-Feb-23 20:45:06.054339 INFO [core] You can set the level of process detailization* through "set_log <level>" command*, where <level> is between 0 (no details) and 4 (very verbose).
2018-Feb-23 20:45:06.054339 INFO [core] 
2018-Feb-23 20:45:06.054339 INFO [core] Use "help" command to see the list of available commands.
2018-Feb-23 20:45:06.054339 INFO [core] 
2018-Feb-23 20:45:06.054339 INFO [core] Note: in case you need to interrupt the process, use "exit" command. Otherwise, the current progress won't be saved.
2018-Feb-23 20:45:06.054339 INFO [core] **********************************************************************
2018-Feb-24 13:25:31.243008 INFO [daemon] Easycoin v1.1.1.1()
2018-Feb-24 13:25:31.244955 INFO [daemon] Module folder: ./Easycoind
2018-Feb-24 13:25:31.252395 INFO [daemon] Initializing p2p server...
2018-Feb-24 13:25:31.254509 INFO [node_server] Binding on 0.0.0.0:17236
2018-Feb-24 13:25:31.255574 INFO [miner] Mining has been stopped, 0 finished
2018-Feb-24 13:25:31.257451 ERROR [daemon] Exception: TcpListener::TcpListener, bind failed, result=98, Address already in use
2018-Feb-24 13:25:55.024427 INFO [daemon] Easycoin v1.1.1.1()
2018-Feb-24 13:25:55.024985 INFO [daemon] Module folder: ./Easycoind
2018-Feb-24 13:25:55.026902 INFO [daemon] Initializing p2p server...
2018-Feb-24 13:25:55.027453 INFO [node_server] Binding on 0.0.0.0:17236
2018-Feb-24 13:25:55.027709 INFO [miner] Mining has been stopped, 0 finished
2018-Feb-24 13:25:55.028010 ERROR [daemon] Exception: TcpListener::TcpListener, bind failed, result=98, Address already in use
2018-Feb-24 13:26:00.531255 INFO [daemon] Easycoin v1.1.1.1()
2018-Feb-24 13:26:00.531905 INFO [daemon] Module folder: ./Easycoind
2018-Feb-24 13:26:00.532807 INFO [daemon] Initializing p2p server...
2018-Feb-24 13:26:00.533124 INFO [node_server] Binding on 0.0.0.0:17236
2018-Feb-24 13:26:00.533283 INFO [node_server] Net service binded on 0.0.0.0:17236
2018-Feb-24 13:26:00.533393 INFO [node_server] Attempting to add IGD port mapping.
2018-Feb-24 13:26:00.834930 INFO [node_server] Added IGD port mapping.
2018-Feb-24 13:26:00.835578 INFO [daemon] P2p server initialized OK
2018-Feb-24 13:26:00.835977 INFO [daemon] Initializing core...
2018-Feb-24 13:26:00.837331 INFO [Blockchain] Loading blockchain...
2018-Feb-24 13:26:00.838241 WARNING [Blockchain] No actual blockchain cache found, rebuilding internal structures...
2018-Feb-24 13:26:00.838765 INFO [Blockchain] Height 0 of 3
2018-Feb-24 13:26:00.839572 INFO [Blockchain] Rebuilding internal structures took: 0.000812807
2018-Feb-24 13:26:00.840107 INFO [Blockchain] Loading blockchain indices for BlockchainExplorer...
2018-Feb-24 13:26:00.840600 WARNING [Blockchain] No actual blockchain indices for BlockchainExplorer found, rebuilding...
2018-Feb-24 13:26:00.841099 INFO [Blockchain] Height 0 of 3
2018-Feb-24 13:26:00.841884 INFO [Blockchain] Rebuilding blockchain indices took: 0.000886537
2018-Feb-24 13:26:00.842701 INFO [Blockchain] Blockchain initialized. last block: 2, d0.h16.m21.s44 time ago, current difficulty: 180
2018-Feb-24 13:26:00.843200 INFO [daemon] Core initialized OK
2018-Feb-24 13:26:00.843743 INFO [daemon] Starting core rpc server on address 127.0.0.1:18236
2018-Feb-24 13:26:00.844439 INFO [daemon] Core rpc server started ok
2018-Feb-24 13:26:00.844861 INFO [daemon] Starting p2p net loop...
2018-Feb-24 13:26:00.845279 INFO [node_server] Starting node_server
2018-Feb-24 13:26:00.967897 INFO [core] 
2018-Feb-24 13:26:00.967897 INFO [core] **********************************************************************
2018-Feb-24 13:26:00.967897 INFO [core] The daemon will start synchronizing with the network. It may take up to several hours.
2018-Feb-24 13:26:00.967897 INFO [core] 
2018-Feb-24 13:26:00.967897 INFO [core] You can set the level of process detailization* through "set_log <level>" command*, where <level> is between 0 (no details) and 4 (very verbose).
2018-Feb-24 13:26:00.967897 INFO [core] 
2018-Feb-24 13:26:00.967897 INFO [core] Use "help" command to see the list of available commands.
2018-Feb-24 13:26:00.967897 INFO [core] 
2018-Feb-24 13:26:00.967897 INFO [core] Note: in case you need to interrupt the process, use "exit" command. Otherwise, the current progress won't be saved.
2018-Feb-24 13:26:00.967897 INFO [core] **********************************************************************
2018-Feb-24 13:49:05.998234 INFO [protocol] [144.208.127.150:49759 INC] Sync data returned unknown top block: 2 -> 4 [2 blocks (0 days) behind] 
2018-Feb-24 13:49:05.998234 INFO [protocol] SYNCHRONIZATION started
2018-Feb-24 13:49:06.126228 INFO [protocol] [144.208.127.150:17236 OUT] Sync data returned unknown top block: 2 -> 4 [2 blocks (0 days) behind] 
2018-Feb-24 13:49:06.126228 INFO [protocol] SYNCHRONIZATION started
2018-Feb-24 13:49:06.587849 INFO [protocol] [144.208.127.150:17236 OUT] SYNCHRONIZED OK
2018-Feb-24 13:49:06.588098 INFO [protocol] 
2018-Feb-24 13:49:06.588098 INFO [protocol] **********************************************************************
2018-Feb-24 13:49:06.588098 INFO [protocol] You are now synchronized with the network. You may now start simplewallet.
2018-Feb-24 13:49:06.588098 INFO [protocol] 
2018-Feb-24 13:49:06.588098 INFO [protocol] Please note, that the blockchain will be saved only after you quit the daemon with "exit" command or if you use "save" command.
2018-Feb-24 13:49:06.588098 INFO [protocol] Otherwise, you will possibly need to synchronize the blockchain again.
2018-Feb-24 13:49:06.588098 INFO [protocol] 
2018-Feb-24 13:49:06.588098 INFO [protocol] Use "help" command to see the list of available commands.
2018-Feb-24 13:49:06.588098 INFO [protocol] **********************************************************************
2018-Feb-24 15:38:44.213365 INFO [node_server] Stop signal sent
2018-Feb-24 15:38:44.213376 INFO [node_server] Stopping NodeServer and it's2 connections...
2018-Feb-24 15:38:44.214088 INFO [node_server] NodeServer loop stopped
2018-Feb-24 15:38:44.214232 INFO [daemon] p2p net loop stopped
2018-Feb-24 15:38:44.214348 INFO [daemon] Stopping core rpc server...
2018-Feb-24 15:38:44.214560 INFO [daemon] Deinitializing core...
2018-Feb-24 15:38:44.214685 INFO [miner] Mining has been stopped, 0 finished
2018-Feb-24 15:38:44.215154 INFO [Blockchain] Saving blockchain...
2018-Feb-24 15:38:44.215393 INFO [BlockCacheSerializer] - saving block index...
2018-Feb-24 15:38:44.215739 INFO [BlockCacheSerializer] - saving transaction map...
2018-Feb-24 15:38:44.216117 INFO [BlockCacheSerializer] - saving spent keys...
2018-Feb-24 15:38:44.216246 INFO [BlockCacheSerializer] - saving outputs...
2018-Feb-24 15:38:44.217229 INFO [BlockCacheSerializer] - saving multi-signature outputs...
2018-Feb-24 15:38:44.217366 INFO [BlockCacheSerializer] Serialization time: 1ms
2018-Feb-24 15:38:44.217547 INFO [Blockchain] Saving blockchain indices...
2018-Feb-24 15:38:44.217801 INFO [BlockchainIndicesSerializer] - saving paymentID index...
2018-Feb-24 15:38:44.217932 INFO [BlockchainIndicesSerializer] - saving timestamp index...
2018-Feb-24 15:38:44.218378 INFO [BlockchainIndicesSerializer] - saving generated transactions index...
2018-Feb-24 15:38:44.218648 INFO [daemon] Deinitializing p2p...
2018-Feb-24 15:38:44.219092 INFO [miner] Mining has been stopped, 0 finished
2018-Feb-24 15:38:44.220511 INFO [daemon] Node stopped.
2018-Feb-24 15:41:45.658680 INFO [daemon] Easycoin v1.1.1.1()
2018-Feb-24 15:41:45.659094 INFO [daemon] Module folder: ./Easycoind
2018-Feb-24 15:41:45.660251 INFO [daemon] Initializing p2p server...
2018-Feb-24 15:41:45.660615 INFO [node_server] Binding on 0.0.0.0:17236
2018-Feb-24 15:41:45.660772 INFO [node_server] Net service binded on 0.0.0.0:17236
2018-Feb-24 15:41:45.660893 INFO [node_server] Attempting to add IGD port mapping.
2018-Feb-24 15:41:45.862467 INFO [node_server] Added IGD port mapping.
2018-Feb-24 15:41:45.862939 INFO [daemon] P2p server initialized OK
2018-Feb-24 15:41:45.863222 INFO [daemon] Initializing core...
2018-Feb-24 15:41:45.863748 INFO [Blockchain] Loading blockchain...
2018-Feb-24 15:41:45.864383 INFO [BlockCacheSerializer] - loading block index...
2018-Feb-24 15:41:45.864851 INFO [BlockCacheSerializer] - loading transaction map...
2018-Feb-24 15:41:45.865522 INFO [BlockCacheSerializer] - loading spent keys...
2018-Feb-24 15:41:45.866023 INFO [BlockCacheSerializer] - loading outputs...
2018-Feb-24 15:41:45.868401 INFO [BlockCacheSerializer] - loading multi-signature outputs...
2018-Feb-24 15:41:45.868725 INFO [BlockCacheSerializer] Serialization time: 4ms
2018-Feb-24 15:41:45.869012 INFO [Blockchain] Loading blockchain indices for BlockchainExplorer...
2018-Feb-24 15:41:45.869452 INFO [BlockchainIndicesSerializer] - loading paymentID index...
2018-Feb-24 15:41:45.869735 INFO [BlockchainIndicesSerializer] - loading timestamp index...
2018-Feb-24 15:41:45.870209 INFO [BlockchainIndicesSerializer] - loading generated transactions index...
2018-Feb-24 15:41:45.876949 INFO [Blockchain] Blockchain initialized. last block: 292, d0.h0.m3.s39 time ago, current difficulty: 196
2018-Feb-24 15:41:45.877197 INFO [daemon] Core initialized OK
2018-Feb-24 15:41:45.877388 INFO [daemon] Starting core rpc server on address 127.0.0.1:18236
2018-Feb-24 15:41:45.877542 INFO [daemon] Core rpc server started ok
2018-Feb-24 15:41:45.877653 INFO [daemon] Starting p2p net loop...
2018-Feb-24 15:41:45.877751 INFO [node_server] Starting node_server
2018-Feb-24 15:41:46.363191 INFO [protocol] 
2018-Feb-24 15:41:46.363191 INFO [protocol] **********************************************************************
2018-Feb-24 15:41:46.363191 INFO [protocol] You are now synchronized with the network. You may now start simplewallet.
2018-Feb-24 15:41:46.363191 INFO [protocol] 
2018-Feb-24 15:41:46.363191 INFO [protocol] Please note, that the blockchain will be saved only after you quit the daemon with "exit" command or if you use "save" command.
2018-Feb-24 15:41:46.363191 INFO [protocol] Otherwise, you will possibly need to synchronize the blockchain again.
2018-Feb-24 15:41:46.363191 INFO [protocol] 
2018-Feb-24 15:41:46.363191 INFO [protocol] Use "help" command to see the list of available commands.
2018-Feb-24 15:41:46.363191 INFO [protocol] **********************************************************************
2018-Feb-24 15:41:46.365108 INFO [core] 
2018-Feb-24 15:41:46.365108 INFO [core] **********************************************************************
2018-Feb-24 15:41:46.365108 INFO [core] The daemon will start synchronizing with the network. It may take up to several hours.
2018-Feb-24 15:41:46.365108 INFO [core] 
2018-Feb-24 15:41:46.365108 INFO [core] You can set the level of process detailization* through "set_log <level>" command*, where <level> is between 0 (no details) and 4 (very verbose).
2018-Feb-24 15:41:46.365108 INFO [core] 
2018-Feb-24 15:41:46.365108 INFO [core] Use "help" command to see the list of available commands.
2018-Feb-24 15:41:46.365108 INFO [core] 
2018-Feb-24 15:41:46.365108 INFO [core] Note: in case you need to interrupt the process, use "exit" command. Otherwise, the current progress won't be saved.
2018-Feb-24 15:41:46.365108 INFO [core] **********************************************************************
2018-Feb-24 15:42:17.437380 INFO [node_server] Stop signal sent
2018-Feb-24 15:42:17.437841 INFO [node_server] Stopping NodeServer and it's1 connections...
2018-Feb-24 15:42:17.438468 INFO [node_server] NodeServer loop stopped
2018-Feb-24 15:42:17.438750 INFO [daemon] p2p net loop stopped
2018-Feb-24 15:42:17.438985 INFO [daemon] Stopping core rpc server...
2018-Feb-24 15:42:17.439413 INFO [daemon] Deinitializing core...
2018-Feb-24 15:42:17.439684 INFO [miner] Mining has been stopped, 0 finished
2018-Feb-24 15:42:17.440435 INFO [Blockchain] Saving blockchain...
2018-Feb-24 15:42:17.440948 INFO [BlockCacheSerializer] - saving block index...
2018-Feb-24 15:42:17.441725 INFO [BlockCacheSerializer] - saving transaction map...
2018-Feb-24 15:42:17.442455 INFO [BlockCacheSerializer] - saving spent keys...
2018-Feb-24 15:42:17.442699 INFO [BlockCacheSerializer] - saving outputs...
2018-Feb-24 15:42:17.444571 INFO [BlockCacheSerializer] - saving multi-signature outputs...
2018-Feb-24 15:42:17.444824 INFO [BlockCacheSerializer] Serialization time: 3ms
2018-Feb-24 15:42:17.445228 INFO [Blockchain] Saving blockchain indices...
2018-Feb-24 15:42:17.445715 INFO [BlockchainIndicesSerializer] - saving paymentID index...
2018-Feb-24 15:42:17.445980 INFO [BlockchainIndicesSerializer] - saving timestamp index...
2018-Feb-24 15:42:17.446802 INFO [BlockchainIndicesSerializer] - saving generated transactions index...
2018-Feb-24 15:42:17.447290 INFO [daemon] Deinitializing p2p...
2018-Feb-24 15:42:17.447982 INFO [miner] Mining has been stopped, 0 finished
2018-Feb-24 15:42:17.449381 INFO [daemon] Node stopped.
2018-Feb-24 15:45:58.217441 INFO [daemon] Easycoin v1.1.1.1()
2018-Feb-24 15:45:58.217722 INFO [daemon] Module folder: ./Easycoind
2018-Feb-24 15:45:58.218692 INFO [daemon] Initializing p2p server...
2018-Feb-24 15:45:58.219072 INFO [node_server] Binding on 0.0.0.0:17236
2018-Feb-24 15:45:58.219216 INFO [node_server] Net service binded on 0.0.0.0:17236
2018-Feb-24 15:45:58.219328 INFO [node_server] Attempting to add IGD port mapping.
2018-Feb-24 15:45:58.409832 INFO [node_server] Added IGD port mapping.
2018-Feb-24 15:45:58.410285 INFO [daemon] P2p server initialized OK
2018-Feb-24 15:45:58.410558 INFO [daemon] Initializing core...
2018-Feb-24 15:45:58.411161 INFO [Blockchain] Loading blockchain...
2018-Feb-24 15:45:58.411745 INFO [BlockCacheSerializer] - loading block index...
2018-Feb-24 15:45:58.412180 INFO [BlockCacheSerializer] - loading transaction map...
2018-Feb-24 15:45:58.412671 INFO [BlockCacheSerializer] - loading spent keys...
2018-Feb-24 15:45:58.412964 INFO [BlockCacheSerializer] - loading outputs...
2018-Feb-24 15:45:58.415352 INFO [BlockCacheSerializer] - loading multi-signature outputs...
2018-Feb-24 15:45:58.415618 INFO [BlockCacheSerializer] Serialization time: 3ms
2018-Feb-24 15:45:58.415875 INFO [Blockchain] Loading blockchain indices for BlockchainExplorer...
2018-Feb-24 15:45:58.416229 INFO [BlockchainIndicesSerializer] - loading paymentID index...
2018-Feb-24 15:45:58.416486 INFO [BlockchainIndicesSerializer] - loading timestamp index...
2018-Feb-24 15:45:58.417008 INFO [BlockchainIndicesSerializer] - loading generated transactions index...
2018-Feb-24 15:45:58.424779 INFO [Blockchain] Blockchain initialized. last block: 292, d0.h0.m7.s52 time ago, current difficulty: 196
2018-Feb-24 15:45:58.424957 INFO [daemon] Core initialized OK
2018-Feb-24 15:45:58.425157 INFO [daemon] Starting core rpc server on address 127.0.0.1:18236
2018-Feb-24 15:45:58.425365 INFO [daemon] Core rpc server started ok
2018-Feb-24 15:45:58.425489 INFO [daemon] Starting p2p net loop...
2018-Feb-24 15:45:58.425587 INFO [node_server] Starting node_server
2018-Feb-24 15:45:58.896318 INFO [protocol] 
2018-Feb-24 15:45:58.896318 INFO [protocol] **********************************************************************
2018-Feb-24 15:45:58.896318 INFO [protocol] You are now synchronized with the network. You may now start simplewallet.
2018-Feb-24 15:45:58.896318 INFO [protocol] 
2018-Feb-24 15:45:58.896318 INFO [protocol] Please note, that the blockchain will be saved only after you quit the daemon with "exit" command or if you use "save" command.
2018-Feb-24 15:45:58.896318 INFO [protocol] Otherwise, you will possibly need to synchronize the blockchain again.
2018-Feb-24 15:45:58.896318 INFO [protocol] 
2018-Feb-24 15:45:58.896318 INFO [protocol] Use "help" command to see the list of available commands.
2018-Feb-24 15:45:58.896318 INFO [protocol] **********************************************************************
2018-Feb-24 15:45:58.898885 INFO [core] 
2018-Feb-24 15:45:58.898885 INFO [core] **********************************************************************
2018-Feb-24 15:45:58.898885 INFO [core] The daemon will start synchronizing with the network. It may take up to several hours.
2018-Feb-24 15:45:58.898885 INFO [core] 
2018-Feb-24 15:45:58.898885 INFO [core] You can set the level of process detailization* through "set_log <level>" command*, where <level> is between 0 (no details) and 4 (very verbose).
2018-Feb-24 15:45:58.898885 INFO [core] 
2018-Feb-24 15:45:58.898885 INFO [core] Use "help" command to see the list of available commands.
2018-Feb-24 15:45:58.898885 INFO [core] 
2018-Feb-24 15:45:58.898885 INFO [core] Note: in case you need to interrupt the process, use "exit" command. Otherwise, the current progress won't be saved.
2018-Feb-24 15:45:58.898885 INFO [core] **********************************************************************
2018-Feb-24 15:46:32.480904 INFO [node_server] Stop signal sent
2018-Feb-24 15:46:32.480916 INFO [node_server] Stopping NodeServer and it's1 connections...
2018-Feb-24 15:46:32.481574 INFO [node_server] NodeServer loop stopped
2018-Feb-24 15:46:32.481733 INFO [daemon] p2p net loop stopped
2018-Feb-24 15:46:32.481825 INFO [daemon] Stopping core rpc server...
2018-Feb-24 15:46:32.481941 INFO [daemon] Deinitializing core...
2018-Feb-24 15:46:32.482087 INFO [miner] Mining has been stopped, 0 finished
2018-Feb-24 15:46:32.482370 INFO [Blockchain] Saving blockchain...
2018-Feb-24 15:46:32.482566 INFO [BlockCacheSerializer] - saving block index...
2018-Feb-24 15:46:32.482823 INFO [BlockCacheSerializer] - saving transaction map...
2018-Feb-24 15:46:32.483092 INFO [BlockCacheSerializer] - saving spent keys...
2018-Feb-24 15:46:32.483183 INFO [BlockCacheSerializer] - saving outputs...
2018-Feb-24 15:46:32.483902 INFO [BlockCacheSerializer] - saving multi-signature outputs...
2018-Feb-24 15:46:32.484002 INFO [BlockCacheSerializer] Serialization time: 1ms
2018-Feb-24 15:46:32.484141 INFO [Blockchain] Saving blockchain indices...
2018-Feb-24 15:46:32.484336 INFO [BlockchainIndicesSerializer] - saving paymentID index...
2018-Feb-24 15:46:32.484432 INFO [BlockchainIndicesSerializer] - saving timestamp index...
2018-Feb-24 15:46:32.484749 INFO [BlockchainIndicesSerializer] - saving generated transactions index...
2018-Feb-24 15:46:32.484936 INFO [daemon] Deinitializing p2p...
2018-Feb-24 15:46:32.485248 INFO [miner] Mining has been stopped, 0 finished
2018-Feb-24 15:46:32.486065 INFO [daemon] Node stopped.
2018-Feb-24 15:46:34.076884 INFO [daemon] Easycoin v1.1.1.1()
2018-Feb-24 15:46:34.081250 INFO [daemon] Module folder: ./Easycoind
2018-Feb-24 15:46:34.082302 INFO [daemon] Initializing p2p server...
2018-Feb-24 15:46:34.082636 INFO [node_server] Binding on 0.0.0.0:17236
2018-Feb-24 15:46:34.082777 INFO [node_server] Net service binded on 0.0.0.0:17236
2018-Feb-24 15:46:34.082884 INFO [node_server] Attempting to add IGD port mapping.
2018-Feb-24 15:46:34.272079 INFO [node_server] Added IGD port mapping.
2018-Feb-24 15:46:34.272270 INFO [daemon] P2p server initialized OK
2018-Feb-24 15:46:34.272365 INFO [daemon] Initializing core...
2018-Feb-24 15:46:34.272573 INFO [Blockchain] Loading blockchain...
2018-Feb-24 15:46:34.272773 INFO [BlockCacheSerializer] - loading block index...
2018-Feb-24 15:46:34.272947 INFO [BlockCacheSerializer] - loading transaction map...
2018-Feb-24 15:46:34.273145 INFO [BlockCacheSerializer] - loading spent keys...
2018-Feb-24 15:46:34.273250 INFO [BlockCacheSerializer] - loading outputs...
2018-Feb-24 15:46:34.274181 INFO [BlockCacheSerializer] - loading multi-signature outputs...
2018-Feb-24 15:46:34.274296 INFO [BlockCacheSerializer] Serialization time: 1ms
2018-Feb-24 15:46:34.274398 INFO [Blockchain] Loading blockchain indices for BlockchainExplorer...
2018-Feb-24 15:46:34.274551 INFO [BlockchainIndicesSerializer] - loading paymentID index...
2018-Feb-24 15:46:34.274648 INFO [BlockchainIndicesSerializer] - loading timestamp index...
2018-Feb-24 15:46:34.274847 INFO [BlockchainIndicesSerializer] - loading generated transactions index...
2018-Feb-24 15:46:34.278835 INFO [Blockchain] Blockchain initialized. last block: 293, d0.h0.m0.s11 time ago, current difficulty: 195
2018-Feb-24 15:46:34.284561 INFO [daemon] Core initialized OK
2018-Feb-24 15:46:34.284817 INFO [daemon] Starting core rpc server on address 127.0.0.1:18236
2018-Feb-24 15:46:34.284982 INFO [daemon] Core rpc server started ok
2018-Feb-24 15:46:34.285099 INFO [daemon] Starting p2p net loop...
2018-Feb-24 15:46:34.285225 INFO [node_server] Starting node_server
2018-Feb-24 15:46:34.770213 INFO [protocol] 
2018-Feb-24 15:46:34.770213 INFO [protocol] **********************************************************************
2018-Feb-24 15:46:34.770213 INFO [protocol] You are now synchronized with the network. You may now start simplewallet.
2018-Feb-24 15:46:34.770213 INFO [protocol] 
2018-Feb-24 15:46:34.770213 INFO [protocol] Please note, that the blockchain will be saved only after you quit the daemon with "exit" command or if you use "save" command.
2018-Feb-24 15:46:34.770213 INFO [protocol] Otherwise, you will possibly need to synchronize the blockchain again.
2018-Feb-24 15:46:34.770213 INFO [protocol] 
2018-Feb-24 15:46:34.770213 INFO [protocol] Use "help" command to see the list of available commands.
2018-Feb-24 15:46:34.770213 INFO [protocol] **********************************************************************
2018-Feb-24 15:46:34.771190 INFO [core] 
2018-Feb-24 15:46:34.771190 INFO [core] **********************************************************************
2018-Feb-24 15:46:34.771190 INFO [core] The daemon will start synchronizing with the network. It may take up to several hours.
2018-Feb-24 15:46:34.771190 INFO [core] 
2018-Feb-24 15:46:34.771190 INFO [core] You can set the level of process detailization* through "set_log <level>" command*, where <level> is between 0 (no details) and 4 (very verbose).
2018-Feb-24 15:46:34.771190 INFO [core] 
2018-Feb-24 15:46:34.771190 INFO [core] Use "help" command to see the list of available commands.
2018-Feb-24 15:46:34.771190 INFO [core] 
2018-Feb-24 15:46:34.771190 INFO [core] Note: in case you need to interrupt the process, use "exit" command. Otherwise, the current progress won't be saved.
2018-Feb-24 15:46:34.771190 INFO [core] **********************************************************************
