2018-Feb-24 16:20:55.079206 INFO [simplewallet] Easycoin wallet v1.1.1.1()
2018-Feb-24 16:21:02.753821 ERROR [simplewallet] Error: failed to load wallet: wallet file 'wallet.bin.wallet' is not found
2018-Feb-24 16:21:02.754026 ERROR [simplewallet] Failed to initialize wallet
2018-Feb-24 16:21:02.756520 ERROR [simplewallet] Error: wallet failed to connect to daemon (http://localhost:18236).
2018-Feb-24 16:21:08.883097 INFO [simplewallet] Easycoin wallet v1.1.1.1()
2018-Feb-24 16:21:16.012787 INFO [simplewallet] Generated new wallet: ez325hM7ES1Lzvs8yeyP9YaMnxH463Q4rUhWDyCyAKvRaPh3HbGqMcM4Cc18NkRXWW1uK8932Uk4SXzvSUoo96sY1iSd15g9z
2018-Feb-24 16:21:16.012787 INFO [simplewallet] view key: 2e0b4e46ef4400edf8d4d5684eda9849d6a1ae0753d3953af66ffc309a035f04
2018-Feb-24 16:21:16.013397 INFO [simplewallet] **********************************************************************
Your wallet has been generated.
Use "help" command to see the list of available commands.
Always use "exit" command when closing simplewallet to save
current session's state. Otherwise, you will possibly need to synchronize 
your wallet again. Your wallet key is NOT under risk anyway.
**********************************************************************
2018-Feb-24 16:21:29.263055 INFO [simplewallet] Commands: 
  address              Show current wallet public address
  balance              Show current wallet balance
  bc_height            Show blockchain height
  exit                 Close wallet
  help                 Show this help
  incoming_transfers   Show incoming transfers
  list_transfers       Show all known transfers
  payments             payments <payment_id_1> [<payment_id_2> ... <payment_id_N>] - Show payments <payment_id_1>, ... <payment_id_N>
  reset                Discard cache data and start synchronizing from the start
  save                 Save wallet synchronized data
  set_log              set_log <level> - Change current log level, <level> is a number 0-4
  start_mining         start_mining [<number_of_threads>] - Start mining in daemon
  stop_mining          Stop mining in daemon
  transfer             transfer <mixin_count> <addr_1> <amount_1> [<addr_2> <amount_2> ... <addr_N> <amount_N>] [-p payment_id] [-f fee] - Transfer <amount_1>,... <amount_N> to <address_1>,... <address_N>, respectively. <mixin_count> is the number of transactions yours is indistinguishable from (from 0 to maximum available)
  

2018-Feb-24 16:21:34.818840 INFO [simplewallet] 375
